12:29:11 **** Incremental Build of configuration Debug for project BixbySettingsFridge ****
ninja all 
ninja: no work to do.
12:29:26 **** Incremental Build of configuration Debug for project BixbySettingsFridge ****
ninja all 
ninja: no work to do.
12:28:17 **** Incremental Build of configuration Debug for project BixbySettingsFridge ****
ninja all 
ninja: no work to do.
14:05:32 **** Incremental Build of configuration Debug for project BixbySettingsFridge ****
ninja all 
ninja: no work to do.
14:21:59 **** Incremental Build of configuration Debug for project BixbySettingsFridge ****
ninja all 
ninja: no work to do.
09:25:12 **** Incremental Build of configuration Debug for project BixbySettingsFridge ****
ninja all 
ninja: no work to do.
09:28:49 **** Incremental Build of configuration Debug for project BixbySettingsFridge ****
ninja all 
[1/4] Building src/bixbysettingsfridge.o
[2/4] Building src/json_helpers.o
[3/4] Building src/ui_refresh.o
../src/json_helpers.c:193:21: warning: comparison between pointer and integer ('gint64' (aka 'long long') and 'void *')
                if (existing_value==NULL) dlog_print (DLOG_DEBUG, FS_TAG, "Key [%s] does not exist - creating it with value %lld", key, (gint64) value);
                    ~~~~~~~~~~~~~~^ ~~~~
1 warning generated.
../src/bixbysettingsfridge.c:72:64: warning: incompatible pointer types passing 'void (appdata_s *, Evas_Object *, void *)' (aka 'void (struct appdata *, struct _Eo_Opaque *, void *)') to parameter of type 'Eext_Event_Cb' (aka 'void (*)(void *, struct _Eo_Opaque *, void *)') [-Wincompatible-pointer-types]
        eext_object_event_callback_add(ad->popup, EEXT_CALLBACK_BACK, close_popup, NULL);
                                                                      ^~~~~~~~~~~
/home/m.kubsik/tizen-studio/tools/smart-build-interface/../../platforms/tizen-4.0/mobile/rootstraps/mobile-4.0-emulator.core/usr/include/efl-extension/efl_extension_events.h:246:99: note: passing argument to parameter 'func' here
EAPI void eext_object_event_callback_add(Evas_Object *obj, Eext_Callback_Type type, Eext_Event_Cb func, void *data);
                                                                                                  ^
../src/bixbysettingsfridge.c:73:52: warning: incompatible pointer types passing 'void (appdata_s *, Evas_Object *, void *)' (aka 'void (struct appdata *, struct _Eo_Opaque *, void *)') to parameter of type 'Evas_Smart_Cb' (aka 'void (*)(void *, struct _Eo_Opaque *, void *)') [-Wincompatible-pointer-types]
        evas_object_smart_callback_add(button, "clicked", close_popup, ad);
                                                          ^~~~~~~~~~~
/home/m.kubsik/tizen-studio/tools/smart-build-interface/../../platforms/tizen-4.0/mobile/rootstraps/mobile-4.0-emulator.core/usr/include/evas-1/Evas_Legacy.h:4216:101: note: passing argument to parameter 'func' here
EAPI void         evas_object_smart_callback_add(Evas_Object *obj, const char *event, Evas_Smart_Cb func, const void *data) EINA_ARG_NONNULL(1, 2, 3);
                                                                                                    ^
../src/bixbysettingsfridge.c:58:15: warning: unused variable 'popup' [-Wunused-variable]
        Evas_Object *popup;
                     ^
../src/bixbysettingsfridge.c:95:6: warning: unused variable 'selected_device_code' [-Wunused-variable]
        int selected_device_code = elm_radio_value_get(ad->device_category_radio_group);
            ^
4 warnings generated.
../src/ui_refresh.c:20:103: warning: trigraph ignored [-Wtrigraphs]
                if (object_type==ELM_LABEL) g_snprintf(rev_label_text, MAX_STR_LEN, "<align=left><font font_size=50>??</font></align>");
                                                                                                                    ^
1 warning generated.
[4/4] Linking bixbysettingsfridge
09:47:20 **** Incremental Build of configuration Debug for project BixbySettingsFridge ****
ninja all 
[1/4] Building src/bixbysettingsfridge.o
[2/4] Building src/json_helpers.o
[3/4] Building src/ui_refresh.o
../src/json_helpers.c:193:21: warning: comparison between pointer and integer ('gint64' (aka 'long long') and 'void *')
                if (existing_value==NULL) dlog_print (DLOG_DEBUG, FS_TAG, "Key [%s] does not exist - creating it with value %lld", key, (gint64) value);
                    ~~~~~~~~~~~~~~^ ~~~~
1 warning generated.
../src/ui_refresh.c:20:103: warning: trigraph ignored [-Wtrigraphs]
                if (object_type==ELM_LABEL) g_snprintf(rev_label_text, MAX_STR_LEN, "<align=left><font font_size=50>??</font></align>");
                                                                                                                    ^
1 warning generated.
../src/bixbysettingsfridge.c:72:64: warning: incompatible pointer types passing 'void (appdata_s *, Evas_Object *, void *)' (aka 'void (struct appdata *, struct _Eo_Opaque *, void *)') to parameter of type 'Eext_Event_Cb' (aka 'void (*)(void *, struct _Eo_Opaque *, void *)') [-Wincompatible-pointer-types]
        eext_object_event_callback_add(ad->popup, EEXT_CALLBACK_BACK, close_popup, NULL);
                                                                      ^~~~~~~~~~~
/home/m.kubsik/tizen-studio/tools/smart-build-interface/../../platforms/tizen-4.0/mobile/rootstraps/mobile-4.0-device.core/usr/include/efl-extension/efl_extension_events.h:246:99: note: passing argument to parameter 'func' here
EAPI void eext_object_event_callback_add(Evas_Object *obj, Eext_Callback_Type type, Eext_Event_Cb func, void *data);
                                                                                                  ^
../src/bixbysettingsfridge.c:73:52: warning: incompatible pointer types passing 'void (appdata_s *, Evas_Object *, void *)' (aka 'void (struct appdata *, struct _Eo_Opaque *, void *)') to parameter of type 'Evas_Smart_Cb' (aka 'void (*)(void *, struct _Eo_Opaque *, void *)') [-Wincompatible-pointer-types]
        evas_object_smart_callback_add(button, "clicked", close_popup, ad);
                                                          ^~~~~~~~~~~
/home/m.kubsik/tizen-studio/tools/smart-build-interface/../../platforms/tizen-4.0/mobile/rootstraps/mobile-4.0-device.core/usr/include/evas-1/Evas_Legacy.h:4216:101: note: passing argument to parameter 'func' here
EAPI void         evas_object_smart_callback_add(Evas_Object *obj, const char *event, Evas_Smart_Cb func, const void *data) EINA_ARG_NONNULL(1, 2, 3);
                                                                                                    ^
../src/bixbysettingsfridge.c:58:15: warning: unused variable 'popup' [-Wunused-variable]
        Evas_Object *popup;
                     ^
../src/bixbysettingsfridge.c:95:6: warning: unused variable 'selected_device_code' [-Wunused-variable]
        int selected_device_code = elm_radio_value_get(ad->device_category_radio_group);
            ^
4 warnings generated.
[4/4] Linking bixbysettingsfridge
11:20:08 **** Incremental Build of configuration Debug for project BixbySettingsFridge ****
ninja all 
ninja: no work to do.
09:26:31 **** Incremental Build of configuration Debug for project BixbySettingsFridge ****
ninja all 
ninja: no work to do.
